f:\vs2019\gw2-arcdps-mounttool1\x64\release\d3d9_arcdps_mounttool.lib
f:\vs2019\gw2-arcdps-mounttool1\x64\release\d3d9_arcdps_mounttool.exp
f:\vs2019\gw2-arcdps-mounttool1\arcdps boon table\x64\release\vc142.pdb
f:\vs2019\gw2-arcdps-mounttool1\arcdps boon table\x64\release\main.obj
f:\vs2019\gw2-arcdps-mounttool1\arcdps boon table\x64\release\imgui_widgets.obj
f:\vs2019\gw2-arcdps-mounttool1\arcdps boon table\x64\release\imgui_tables.obj
f:\vs2019\gw2-arcdps-mounttool1\arcdps boon table\x64\release\imgui_draw.obj
f:\vs2019\gw2-arcdps-mounttool1\arcdps boon table\x64\release\imgui_demo.obj
f:\vs2019\gw2-arcdps-mounttool1\arcdps boon table\x64\release\imgui.obj
f:\vs2019\gw2-arcdps-mounttool1\arcdps boon table\x64\release\homeui.obj
f:\vs2019\gw2-arcdps-mounttool1\arcdps boon table\x64\release\icon.obj
f:\vs2019\gw2-arcdps-mounttool1\arcdps boon table\x64\release\convertutf.obj
f:\vs2019\gw2-arcdps-mounttool1\arcdps boon table\x64\release\mumblelink.obj
f:\vs2019\gw2-arcdps-mounttool1\x64\release\d3d9_arcdps_mounttool.dll
f:\vs2019\gw2-arcdps-mounttool1\arcdps boon table\x64\release\d3d9_arcdps_mounttool.iobj
f:\vs2019\gw2-arcdps-mounttool1\x64\release\d3d9_arcdps_mounttool.pdb
f:\vs2019\gw2-arcdps-mounttool1\arcdps boon table\x64\release\arcdps boon table.res
f:\vs2019\gw2-arcdps-mounttool1\arcdps boon table\x64\release\d3d9_arcdps_mounttool.ipdb
f:\vs2019\gw2-arcdps-mounttool1\arcdps boon table\x64\release\arcdps b.872b4156.tlog\arcdps boon table.write.1u.tlog
f:\vs2019\gw2-arcdps-mounttool1\arcdps boon table\x64\release\arcdps b.872b4156.tlog\cl.command.1.tlog
f:\vs2019\gw2-arcdps-mounttool1\arcdps boon table\x64\release\arcdps b.872b4156.tlog\cl.read.1.tlog
f:\vs2019\gw2-arcdps-mounttool1\arcdps boon table\x64\release\arcdps b.872b4156.tlog\cl.write.1.tlog
f:\vs2019\gw2-arcdps-mounttool1\arcdps boon table\x64\release\arcdps b.872b4156.tlog\link.command.1.tlog
f:\vs2019\gw2-arcdps-mounttool1\arcdps boon table\x64\release\arcdps b.872b4156.tlog\link.read.1.tlog
f:\vs2019\gw2-arcdps-mounttool1\arcdps boon table\x64\release\arcdps b.872b4156.tlog\link.write.1.tlog
f:\vs2019\gw2-arcdps-mounttool1\arcdps boon table\x64\release\arcdps b.872b4156.tlog\rc.command.1.tlog
f:\vs2019\gw2-arcdps-mounttool1\arcdps boon table\x64\release\arcdps b.872b4156.tlog\rc.read.1.tlog
f:\vs2019\gw2-arcdps-mounttool1\arcdps boon table\x64\release\arcdps b.872b4156.tlog\rc.write.1.tlog
